app/build/intermediates/manifest_merge_blame_file/debug/processDebugMainManifest/manifest-merger-blame-debug-report.txt
1<?xml version="1.0" encoding="utf-8"?>
2<manifest xmlns:android="http://schemas.android.com/apk/res/android"
3    package="com.example.mycompose"
4    android:versionCode="1"
5    android:versionName="1.0" >
6
7    <uses-sdk
8        android:minSdkVersion="26"
9        android:targetSdkVersion="36" />
10
11    <uses-permission android:name="android.permission.INTERNET" />
11-->src/main/AndroidManifest.xml:4:5-67
11-->src/main/AndroidManifest.xml:4:22-64
12    <uses-permission android:name="android.permission.WAKE_LOCK" />
12-->[androidx.work:work-runtime:2.3.4] AndroidManifest.xml:25:5-68
12-->[androidx.work:work-runtime:2.3.4] AndroidManifest.xml:25:22-65
13    <uses-permission android:name="android.permission.ACCESS_NETWORK_STATE" />
13-->[androidx.work:work-runtime:2.3.4] AndroidManifest.xml:26:5-79
13-->[androidx.work:work-runtime:2.3.4] AndroidManifest.xml:26:22-76
14    <uses-permission android:name="android.permission.RECEIVE_BOOT_COMPLETED" />
14-->[androidx.work:work-runtime:2.3.4] AndroidManifest.xml:27:5-81
14-->[androidx.work:work-runtime:2.3.4] AndroidManifest.xml:27:22-78
15    <uses-permission android:name="android.permission.FOREGROUND_SERVICE" />
15-->[androidx.work:work-runtime:2.3.4] AndroidManifest.xml:28:5-77
15-->[androidx.work:work-runtime:2.3.4] AndroidManifest.xml:28:22-74
16
17    <permission
17-->[androidx.core:core:1.15.0] AndroidManifest.xml:22:5-24:47
18        android:name="com.example.mycompose.DYNAMIC_RECEIVER_NOT_EXPORTED_PERMISSION"
18-->[androidx.core:core:1.15.0] AndroidManifest.xml:23:9-81
19        android:protectionLevel="signature" />
19-->[androidx.core:core:1.15.0] AndroidManifest.xml:24:9-44
20
21    <uses-permission android:name="com.example.mycompose.DYNAMIC_RECEIVER_NOT_EXPORTED_PERMISSION" />
21-->[androidx.core:core:1.15.0] AndroidManifest.xml:26:5-97
21-->[androidx.core:core:1.15.0] AndroidManifest.xml:26:22-94
22
23    <application
23-->src/main/AndroidManifest.xml:6:5-27:19
24        android:name="com.example.mycompose.MyApplication"
24-->src/main/AndroidManifest.xml:7:9-38
25        android:allowBackup="true"
25-->src/main/AndroidManifest.xml:8:9-35
26        android:appComponentFactory="androidx.core.app.CoreComponentFactory"
26-->[androidx.core:core:1.15.0] AndroidManifest.xml:28:18-86
27        android:dataExtractionRules="@xml/data_extraction_rules"
27-->src/main/AndroidManifest.xml:9:9-65
28        android:debuggable="true"
29        android:extractNativeLibs="false"
30        android:fullBackupContent="@xml/backup_rules"
30-->src/main/AndroidManifest.xml:10:9-54
31        android:icon="@mipmap/ic_launcher"
31-->src/main/AndroidManifest.xml:11:9-43
32        android:label="@string/app_name"
32-->src/main/AndroidManifest.xml:12:9-41
33        android:roundIcon="@mipmap/ic_launcher_round"
33-->src/main/AndroidManifest.xml:13:9-54
34        android:supportsRtl="true"
34-->src/main/AndroidManifest.xml:14:9-35
35        android:testOnly="true"
36        android:theme="@style/Theme.MyCompose" >
36-->src/main/AndroidManifest.xml:15:9-47
37        <activity
37-->src/main/AndroidManifest.xml:16:9-26:20
38            android:name="com.example.mycompose.MainActivity"
38-->src/main/AndroidManifest.xml:17:13-41
39            android:exported="true"
39-->src/main/AndroidManifest.xml:18:13-36
40            android:label="@string/title_activity_main"
40-->src/main/AndroidManifest.xml:19:13-56
41            android:theme="@style/Theme.MyCompose" >
41-->src/main/AndroidManifest.xml:20:13-51
42            <intent-filter>
42-->src/main/AndroidManifest.xml:21:13-25:29
43                <action android:name="android.intent.action.MAIN" />
43-->src/main/AndroidManifest.xml:22:17-69
43-->src/main/AndroidManifest.xml:22:25-66
44
45                <category android:name="android.intent.category.LAUNCHER" />
45-->src/main/AndroidManifest.xml:24:17-77
45-->src/main/AndroidManifest.xml:24:27-74
46            </intent-filter>
47        </activity>
48        <activity
48-->[com.blankj:utilcode:1.30.7] AndroidManifest.xml:10:9-14:75
49            android:name="com.blankj.utilcode.util.UtilsTransActivity4MainProcess"
49-->[com.blankj:utilcode:1.30.7] AndroidManifest.xml:11:13-83
50            android:configChanges="orientation|keyboardHidden|screenSize"
50-->[com.blankj:utilcode:1.30.7] AndroidManifest.xml:12:13-74
51            android:theme="@style/ActivityTranslucent"
51-->[com.blankj:utilcode:1.30.7] AndroidManifest.xml:13:13-55
52            android:windowSoftInputMode="stateHidden|stateAlwaysHidden" />
52-->[com.blankj:utilcode:1.30.7] AndroidManifest.xml:14:13-72
53        <activity
53-->[com.blankj:utilcode:1.30.7] AndroidManifest.xml:15:9-20:75
54            android:name="com.blankj.utilcode.util.UtilsTransActivity"
54-->[com.blankj:utilcode:1.30.7] AndroidManifest.xml:16:13-71
55            android:configChanges="orientation|keyboardHidden|screenSize"
55-->[com.blankj:utilcode:1.30.7] AndroidManifest.xml:17:13-74
56            android:multiprocess="true"
56-->[com.blankj:utilcode:1.30.7] AndroidManifest.xml:18:13-40
57            android:theme="@style/ActivityTranslucent"
57-->[com.blankj:utilcode:1.30.7] AndroidManifest.xml:19:13-55
58            android:windowSoftInputMode="stateHidden|stateAlwaysHidden" />
58-->[com.blankj:utilcode:1.30.7] AndroidManifest.xml:20:13-72
59
60        <provider
60-->[com.blankj:utilcode:1.30.7] AndroidManifest.xml:22:9-30:20
61            android:name="com.blankj.utilcode.util.UtilsFileProvider"
61-->[com.blankj:utilcode:1.30.7] AndroidManifest.xml:23:13-70
62            android:authorities="com.example.mycompose.utilcode.fileprovider"
62-->[com.blankj:utilcode:1.30.7] AndroidManifest.xml:24:13-73
63            android:exported="false"
63-->[com.blankj:utilcode:1.30.7] AndroidManifest.xml:25:13-37
64            android:grantUriPermissions="true" >
64-->[com.blankj:utilcode:1.30.7] AndroidManifest.xml:26:13-47
65            <meta-data
65-->[com.blankj:utilcode:1.30.7] AndroidManifest.xml:27:13-29:68
66                android:name="android.support.FILE_PROVIDER_PATHS"
66-->[com.blankj:utilcode:1.30.7] AndroidManifest.xml:28:17-67
67                android:resource="@xml/util_code_provider_paths" />
67-->[com.blankj:utilcode:1.30.7] AndroidManifest.xml:29:17-65
68        </provider>
69
70        <service
70-->[com.blankj:utilcode:1.30.7] AndroidManifest.xml:32:9-38:19
71            android:name="com.blankj.utilcode.util.MessengerUtils$ServerService"
71-->[com.blankj:utilcode:1.30.7] AndroidManifest.xml:33:13-81
72            android:exported="false" >
72-->[com.blankj:utilcode:1.30.7] AndroidManifest.xml:34:13-37
73            <intent-filter>
73-->[com.blankj:utilcode:1.30.7] AndroidManifest.xml:35:13-37:29
74                <action android:name="com.example.mycompose.messenger" />
74-->[com.blankj:utilcode:1.30.7] AndroidManifest.xml:36:17-69
74-->[com.blankj:utilcode:1.30.7] AndroidManifest.xml:36:25-66
75            </intent-filter>
76        </service>
77
78        <provider
78-->[androidx.work:work-runtime:2.3.4] AndroidManifest.xml:31:9-37:35
79            android:name="androidx.work.impl.WorkManagerInitializer"
79-->[androidx.work:work-runtime:2.3.4] AndroidManifest.xml:32:13-69
80            android:authorities="com.example.mycompose.workmanager-init"
80-->[androidx.work:work-runtime:2.3.4] AndroidManifest.xml:33:13-68
81            android:directBootAware="false"
81-->[androidx.work:work-runtime:2.3.4] AndroidManifest.xml:34:13-44
82            android:exported="false"
82-->[androidx.work:work-runtime:2.3.4] AndroidManifest.xml:35:13-37
83            android:multiprocess="true" />
83-->[androidx.work:work-runtime:2.3.4] AndroidManifest.xml:36:13-40
84
85        <service
85-->[androidx.work:work-runtime:2.3.4] AndroidManifest.xml:39:9-44:35
86            android:name="androidx.work.impl.background.systemalarm.SystemAlarmService"
86-->[androidx.work:work-runtime:2.3.4] AndroidManifest.xml:40:13-88
87            android:directBootAware="false"
87-->[androidx.work:work-runtime:2.3.4] AndroidManifest.xml:41:13-44
88            android:enabled="@bool/enable_system_alarm_service_default"
88-->[androidx.work:work-runtime:2.3.4] AndroidManifest.xml:42:13-72
89            android:exported="false" />
89-->[androidx.work:work-runtime:2.3.4] AndroidManifest.xml:43:13-37
90        <service
90-->[androidx.work:work-runtime:2.3.4] AndroidManifest.xml:45:9-51:35
91            android:name="androidx.work.impl.background.systemjob.SystemJobService"
91-->[androidx.work:work-runtime:2.3.4] AndroidManifest.xml:46:13-84
92            android:directBootAware="false"
92-->[androidx.work:work-runtime:2.3.4] AndroidManifest.xml:47:13-44
93            android:enabled="@bool/enable_system_job_service_default"
93-->[androidx.work:work-runtime:2.3.4] AndroidManifest.xml:48:13-70
94            android:exported="true"
94-->[androidx.work:work-runtime:2.3.4] AndroidManifest.xml:49:13-36
95            android:permission="android.permission.BIND_JOB_SERVICE" />
95-->[androidx.work:work-runtime:2.3.4] AndroidManifest.xml:50:13-69
96        <service
96-->[androidx.work:work-runtime:2.3.4] AndroidManifest.xml:52:9-57:35
97            android:name="androidx.work.impl.foreground.SystemForegroundService"
97-->[androidx.work:work-runtime:2.3.4] AndroidManifest.xml:53:13-81
98            android:directBootAware="false"
98-->[androidx.work:work-runtime:2.3.4] AndroidManifest.xml:54:13-44
99            android:enabled="@bool/enable_system_foreground_service_default"
99-->[androidx.work:work-runtime:2.3.4] AndroidManifest.xml:55:13-77
100            android:exported="false" />
100-->[androidx.work:work-runtime:2.3.4] AndroidManifest.xml:56:13-37
101
102        <receiver
102-->[androidx.work:work-runtime:2.3.4] AndroidManifest.xml:59:9-64:35
103            android:name="androidx.work.impl.utils.ForceStopRunnable$BroadcastReceiver"
103-->[androidx.work:work-runtime:2.3.4] AndroidManifest.xml:60:13-88
104            android:directBootAware="false"
104-->[androidx.work:work-runtime:2.3.4] AndroidManifest.xml:61:13-44
105            android:enabled="true"
105-->[androidx.work:work-runtime:2.3.4] AndroidManifest.xml:62:13-35
106            android:exported="false" />
106-->[androidx.work:work-runtime:2.3.4] AndroidManifest.xml:63:13-37
107        <receiver
107-->[androidx.work:work-runtime:2.3.4] AndroidManifest.xml:65:9-75:20
108            android:name="androidx.work.impl.background.systemalarm.ConstraintProxy$BatteryChargingProxy"
108-->[androidx.work:work-runtime:2.3.4] AndroidManifest.xml:66:13-106
109            android:directBootAware="false"
109-->[androidx.work:work-runtime:2.3.4] AndroidManifest.xml:67:13-44
110            android:enabled="false"
110-->[androidx.work:work-runtime:2.3.4] AndroidManifest.xml:68:13-36
111            android:exported="false" >
111-->[androidx.work:work-runtime:2.3.4] AndroidManifest.xml:69:13-37
112            <intent-filter>
112-->[androidx.work:work-runtime:2.3.4] AndroidManifest.xml:71:13-74:29
113                <action android:name="android.intent.action.ACTION_POWER_CONNECTED" />
113-->[androidx.work:work-runtime:2.3.4] AndroidManifest.xml:72:17-87
113-->[androidx.work:work-runtime:2.3.4] AndroidManifest.xml:72:25-84
114                <action android:name="android.intent.action.ACTION_POWER_DISCONNECTED" />
114-->[androidx.work:work-runtime:2.3.4] AndroidManifest.xml:73:17-90
114-->[androidx.work:work-runtime:2.3.4] AndroidManifest.xml:73:25-87
115            </intent-filter>
116        </receiver>
117        <receiver
117-->[androidx.work:work-runtime:2.3.4] AndroidManifest.xml:76:9-86:20
118            android:name="androidx.work.impl.background.systemalarm.ConstraintProxy$BatteryNotLowProxy"
118-->[androidx.work:work-runtime:2.3.4] AndroidManifest.xml:77:13-104
119            android:directBootAware="false"
119-->[androidx.work:work-runtime:2.3.4] AndroidManifest.xml:78:13-44
120            android:enabled="false"
120-->[androidx.work:work-runtime:2.3.4] AndroidManifest.xml:79:13-36
121            android:exported="false" >
121-->[androidx.work:work-runtime:2.3.4] AndroidManifest.xml:80:13-37
122            <intent-filter>
122-->[androidx.work:work-runtime:2.3.4] AndroidManifest.xml:82:13-85:29
123                <action android:name="android.intent.action.BATTERY_OKAY" />
123-->[androidx.work:work-runtime:2.3.4] AndroidManifest.xml:83:17-77
123-->[androidx.work:work-runtime:2.3.4] AndroidManifest.xml:83:25-74
124                <action android:name="android.intent.action.BATTERY_LOW" />
124-->[androidx.work:work-runtime:2.3.4] AndroidManifest.xml:84:17-76
124-->[androidx.work:work-runtime:2.3.4] AndroidManifest.xml:84:25-73
125            </intent-filter>
126        </receiver>
127        <receiver
127-->[androidx.work:work-runtime:2.3.4] AndroidManifest.xml:87:9-97:20
128            android:name="androidx.work.impl.background.systemalarm.ConstraintProxy$StorageNotLowProxy"
128-->[androidx.work:work-runtime:2.3.4] AndroidManifest.xml:88:13-104
129            android:directBootAware="false"
129-->[androidx.work:work-runtime:2.3.4] AndroidManifest.xml:89:13-44
130            android:enabled="false"
130-->[androidx.work:work-runtime:2.3.4] AndroidManifest.xml:90:13-36
131            android:exported="false" >
131-->[androidx.work:work-runtime:2.3.4] AndroidManifest.xml:91:13-37
132            <intent-filter>
132-->[androidx.work:work-runtime:2.3.4] AndroidManifest.xml:93:13-96:29
133                <action android:name="android.intent.action.DEVICE_STORAGE_LOW" />
133-->[androidx.work:work-runtime:2.3.4] AndroidManifest.xml:94:17-83
133-->[androidx.work:work-runtime:2.3.4] AndroidManifest.xml:94:25-80
134                <action android:name="android.intent.action.DEVICE_STORAGE_OK" />
134-->[androidx.work:work-runtime:2.3.4] AndroidManifest.xml:95:17-82
134-->[androidx.work:work-runtime:2.3.4] AndroidManifest.xml:95:25-79
135            </intent-filter>
136        </receiver>
137        <receiver
137-->[androidx.work:work-runtime:2.3.4] AndroidManifest.xml:98:9-107:20
138            android:name="androidx.work.impl.background.systemalarm.ConstraintProxy$NetworkStateProxy"
138-->[androidx.work:work-runtime:2.3.4] AndroidManifest.xml:99:13-103
139            android:directBootAware="false"
139-->[androidx.work:work-runtime:2.3.4] AndroidManifest.xml:100:13-44
140            android:enabled="false"
140-->[androidx.work:work-runtime:2.3.4] AndroidManifest.xml:101:13-36
141            android:exported="false" >
141-->[androidx.work:work-runtime:2.3.4] AndroidManifest.xml:102:13-37
142            <intent-filter>
142-->[androidx.work:work-runtime:2.3.4] AndroidManifest.xml:104:13-106:29
143                <action android:name="android.net.conn.CONNECTIVITY_CHANGE" />
143-->[androidx.work:work-runtime:2.3.4] AndroidManifest.xml:105:17-79
143-->[androidx.work:work-runtime:2.3.4] AndroidManifest.xml:105:25-76
144            </intent-filter>
145        </receiver>
146        <receiver
146-->[androidx.work:work-runtime:2.3.4] AndroidManifest.xml:108:9-119:20
147            android:name="androidx.work.impl.background.systemalarm.RescheduleReceiver"
147-->[androidx.work:work-runtime:2.3.4] AndroidManifest.xml:109:13-88
148            android:directBootAware="false"
148-->[androidx.work:work-runtime:2.3.4] AndroidManifest.xml:110:13-44
149            android:enabled="false"
149-->[androidx.work:work-runtime:2.3.4] AndroidManifest.xml:111:13-36
150            android:exported="false" >
150-->[androidx.work:work-runtime:2.3.4] AndroidManifest.xml:112:13-37
151            <intent-filter>
151-->[androidx.work:work-runtime:2.3.4] AndroidManifest.xml:114:13-118:29
152                <action android:name="android.intent.action.BOOT_COMPLETED" />
152-->[androidx.work:work-runtime:2.3.4] AndroidManifest.xml:115:17-79
152-->[androidx.work:work-runtime:2.3.4] AndroidManifest.xml:115:25-76
153                <action android:name="android.intent.action.TIME_SET" />
153-->[androidx.work:work-runtime:2.3.4] AndroidManifest.xml:116:17-73
153-->[androidx.work:work-runtime:2.3.4] AndroidManifest.xml:116:25-70
154                <action android:name="android.intent.action.TIMEZONE_CHANGED" />
154-->[androidx.work:work-runtime:2.3.4] AndroidManifest.xml:117:17-81
154-->[androidx.work:work-runtime:2.3.4] AndroidManifest.xml:117:25-78
155            </intent-filter>
156        </receiver>
157        <receiver
157-->[androidx.work:work-runtime:2.3.4] AndroidManifest.xml:120:9-129:20
158            android:name="androidx.work.impl.background.systemalarm.ConstraintProxyUpdateReceiver"
158-->[androidx.work:work-runtime:2.3.4] AndroidManifest.xml:121:13-99
159            android:directBootAware="false"
159-->[androidx.work:work-runtime:2.3.4] AndroidManifest.xml:122:13-44
160            android:enabled="@bool/enable_system_alarm_service_default"
160-->[androidx.work:work-runtime:2.3.4] AndroidManifest.xml:123:13-72
161            android:exported="false" >
161-->[androidx.work:work-runtime:2.3.4] AndroidManifest.xml:124:13-37
162            <intent-filter>
162-->[androidx.work:work-runtime:2.3.4] AndroidManifest.xml:126:13-128:29
163                <action android:name="androidx.work.impl.background.systemalarm.UpdateProxies" />
163-->[androidx.work:work-runtime:2.3.4] AndroidManifest.xml:127:17-98
163-->[androidx.work:work-runtime:2.3.4] AndroidManifest.xml:127:25-95
164            </intent-filter>
165        </receiver>
166
167        <activity
167-->[androidx.compose.ui:ui-tooling-android:1.9.0] AndroidManifest.xml:23:9-25:39
168            android:name="androidx.compose.ui.tooling.PreviewActivity"
168-->[androidx.compose.ui:ui-tooling-android:1.9.0] AndroidManifest.xml:24:13-71
169            android:exported="true" />
169-->[androidx.compose.ui:ui-tooling-android:1.9.0] AndroidManifest.xml:25:13-36
170        <activity
170-->[androidx.compose.ui:ui-test-manifest:1.9.0] AndroidManifest.xml:23:9-26:79
171            android:name="androidx.activity.ComponentActivity"
171-->[androidx.compose.ui:ui-test-manifest:1.9.0] AndroidManifest.xml:24:13-63
172            android:exported="true"
172-->[androidx.compose.ui:ui-test-manifest:1.9.0] AndroidManifest.xml:25:13-36
173            android:theme="@android:style/Theme.Material.Light.NoActionBar" />
173-->[androidx.compose.ui:ui-test-manifest:1.9.0] AndroidManifest.xml:26:13-76
174
175        <provider
175-->[androidx.emoji2:emoji2:1.4.0] AndroidManifest.xml:24:9-32:20
176            android:name="androidx.startup.InitializationProvider"
176-->[androidx.emoji2:emoji2:1.4.0] AndroidManifest.xml:25:13-67
177            android:authorities="com.example.mycompose.androidx-startup"
177-->[androidx.emoji2:emoji2:1.4.0] AndroidManifest.xml:26:13-68
178            android:exported="false" >
178-->[androidx.emoji2:emoji2:1.4.0] AndroidManifest.xml:27:13-37
179            <meta-data
179-->[androidx.emoji2:emoji2:1.4.0] AndroidManifest.xml:29:13-31:52
180                android:name="androidx.emoji2.text.EmojiCompatInitializer"
180-->[androidx.emoji2:emoji2:1.4.0] AndroidManifest.xml:30:17-75
181                android:value="androidx.startup" />
181-->[androidx.emoji2:emoji2:1.4.0] AndroidManifest.xml:31:17-49
182            <meta-data
182-->[androidx.lifecycle:lifecycle-process:2.9.3] AndroidManifest.xml:29:13-31:52
183                android:name="androidx.lifecycle.ProcessLifecycleInitializer"
183-->[androidx.lifecycle:lifecycle-process:2.9.3] AndroidManifest.xml:30:17-78
184                android:value="androidx.startup" />
184-->[androidx.lifecycle:lifecycle-process:2.9.3] AndroidManifest.xml:31:17-49
185            <meta-data
185-->[androidx.profileinstaller:profileinstaller:1.4.0] AndroidManifest.xml:29:13-31:52
186                android:name="androidx.profileinstaller.ProfileInstallerInitializer"
186-->[androidx.profileinstaller:profileinstaller:1.4.0] AndroidManifest.xml:30:17-85
187                android:value="androidx.startup" />
187-->[androidx.profileinstaller:profileinstaller:1.4.0] AndroidManifest.xml:31:17-49
188        </provider>
189
190        <service
190-->[androidx.room:room-runtime:2.6.1] AndroidManifest.xml:24:9-28:63
191            android:name="androidx.room.MultiInstanceInvalidationService"
191-->[androidx.room:room-runtime:2.6.1] AndroidManifest.xml:25:13-74
192            android:directBootAware="true"
192-->[androidx.room:room-runtime:2.6.1] AndroidManifest.xml:26:13-43
193            android:exported="false" />
193-->[androidx.room:room-runtime:2.6.1] AndroidManifest.xml:27:13-37
194
195        <receiver
195-->[androidx.profileinstaller:profileinstaller:1.4.0] AndroidManifest.xml:34:9-52:20
196            android:name="androidx.profileinstaller.ProfileInstallReceiver"
196-->[androidx.profileinstaller:profileinstaller:1.4.0] AndroidManifest.xml:35:13-76
197            android:directBootAware="false"
197-->[androidx.profileinstaller:profileinstaller:1.4.0] AndroidManifest.xml:36:13-44
198            android:enabled="true"
198-->[androidx.profileinstaller:profileinstaller:1.4.0] AndroidManifest.xml:37:13-35
199            android:exported="true"
199-->[androidx.profileinstaller:profileinstaller:1.4.0] AndroidManifest.xml:38:13-36
200            android:permission="android.permission.DUMP" >
200-->[androidx.profileinstaller:profileinstaller:1.4.0] AndroidManifest.xml:39:13-57
201            <intent-filter>
201-->[androidx.profileinstaller:profileinstaller:1.4.0] AndroidManifest.xml:40:13-42:29
202                <action android:name="androidx.profileinstaller.action.INSTALL_PROFILE" />
202-->[androidx.profileinstaller:profileinstaller:1.4.0] AndroidManifest.xml:41:17-91
202-->[androidx.profileinstaller:profileinstaller:1.4.0] AndroidManifest.xml:41:25-88
203            </intent-filter>
204            <intent-filter>
204-->[androidx.profileinstaller:profileinstaller:1.4.0] AndroidManifest.xml:43:13-45:29
205                <action android:name="androidx.profileinstaller.action.SKIP_FILE" />
205-->[androidx.profileinstaller:profileinstaller:1.4.0] AndroidManifest.xml:44:17-85
205-->[androidx.profileinstaller:profileinstaller:1.4.0] AndroidManifest.xml:44:25-82
206            </intent-filter>
207            <intent-filter>
207-->[androidx.profileinstaller:profileinstaller:1.4.0] AndroidManifest.xml:46:13-48:29
208                <action android:name="androidx.profileinstaller.action.SAVE_PROFILE" />
208-->[androidx.profileinstaller:profileinstaller:1.4.0] AndroidManifest.xml:47:17-88
208-->[androidx.profileinstaller:profileinstaller:1.4.0] AndroidManifest.xml:47:25-85
209            </intent-filter>
210            <intent-filter>
210-->[androidx.profileinstaller:profileinstaller:1.4.0] AndroidManifest.xml:49:13-51:29
211                <action android:name="androidx.profileinstaller.action.BENCHMARK_OPERATION" />
211-->[androidx.profileinstaller:profileinstaller:1.4.0] AndroidManifest.xml:50:17-95
211-->[androidx.profileinstaller:profileinstaller:1.4.0] AndroidManifest.xml:50:25-92
212            </intent-filter>
213        </receiver>
214    </application>
215
216</manifest>